[debug] [2022-04-16T08:09:04.555Z] ----------------------------------------------------------------------
[debug] [2022-04-16T08:09:04.558Z] Command:       C:\Program Files\nodejs\node.exe C:\Users\Tareq\AppData\Roaming\npm\node_modules\firebase-tools\lib\bin\firebase.js deploy
[debug] [2022-04-16T08:09:04.559Z] CLI Version:   10.6.0
[debug] [2022-04-16T08:09:04.559Z] Platform:      win32
[debug] [2022-04-16T08:09:04.559Z] Node Version:  v16.14.0
[debug] [2022-04-16T08:09:04.577Z] Time:          Sat Apr 16 2022 14:09:04 GMT+0600 (Bangladesh Standard Time)
[debug] [2022-04-16T08:09:04.577Z] ----------------------------------------------------------------------
[debug] 
[debug] [2022-04-16T08:09:04.583Z] >>> [apiv2][query] GET https://firebase-public.firebaseio.com/cli.json [none]
[debug] [2022-04-16T08:09:04.714Z] > command requires scopes: ["email","openid","https://www.googleapis.com/auth/cloudplatformprojects.readonly","https://www.googleapis.com/auth/firebase","https://www.googleapis.com/auth/cloud-platform"]
[debug] [2022-04-16T08:09:04.714Z] > authorizing via signed-in user (tareqhassan2014@gmail.com)
[debug] [2022-04-16T08:09:04.714Z] [iam] checking project hostel-hub-7d3bf for permissions ["firebase.projects.get","firebasehosting.sites.update"]
[debug] [2022-04-16T08:09:04.715Z] > refreshing access token with scopes: []
[debug] [2022-04-16T08:09:04.716Z] >>> HTTP REQUEST POST https://www.googleapis.com/oauth2/v3/token  
 <request body omitted>
[debug] [2022-04-16T08:09:04.994Z] <<< HTTP RESPONSE 200 {"expires":"Mon, 01 Jan 1990 00:00:00 GMT","date":"Sat, 16 Apr 2022 08:09:05 GMT","cache-control":"no-cache, no-store, max-age=0, must-revalidate","pragma":"no-cache","content-type":"application/json; charset=utf-8","vary":"X-Origin, Referer, Origin,Accept-Encoding","server":"scaffolding on HTTPServer2","x-xss-protection":"0","x-frame-options":"SAMEORIGIN","x-content-type-options":"nosniff","alt-svc":"h3=\":443\"; ma=2592000,h3-29=\":443\"; ma=2592000,h3-Q050=\":443\"; ma=2592000,h3-Q046=\":443\"; ma=2592000,h3-Q043=\":443\"; ma=2592000,quic=\":443\"; ma=2592000; v=\"46,43\"","accept-ranges":"none","transfer-encoding":"chunked"}
[debug] [2022-04-16T08:09:05.008Z] >>> [apiv2][query] POST https://cloudresourcemanager.googleapis.com/v1/projects/hostel-hub-7d3bf:testIamPermissions [none]
[debug] [2022-04-16T08:09:05.008Z] >>> [apiv2][body] POST https://cloudresourcemanager.googleapis.com/v1/projects/hostel-hub-7d3bf:testIamPermissions {"permissions":["firebase.projects.get","firebasehosting.sites.update"]}
[debug] [2022-04-16T08:09:05.827Z] <<< [apiv2][status] GET https://firebase-public.firebaseio.com/cli.json 200
[debug] [2022-04-16T08:09:05.827Z] <<< [apiv2][body] GET https://firebase-public.firebaseio.com/cli.json {"cloudBuildErrorAfter":1594252800000,"cloudBuildWarnAfter":1590019200000,"defaultNode10After":1594252800000,"minVersion":"3.0.5","node8DeploysDisabledAfter":1613390400000,"node8RuntimeDisabledAfter":1615809600000,"node8WarnAfter":1600128000000}
[debug] [2022-04-16T08:09:06.409Z] <<< [apiv2][status] POST https://cloudresourcemanager.googleapis.com/v1/projects/hostel-hub-7d3bf:testIamPermissions 200
[debug] [2022-04-16T08:09:06.410Z] <<< [apiv2][body] POST https://cloudresourcemanager.googleapis.com/v1/projects/hostel-hub-7d3bf:testIamPermissions {"permissions":["firebase.projects.get","firebasehosting.sites.update"]}
[debug] [2022-04-16T08:09:06.411Z] >>> [apiv2][query] GET https://firebase.googleapis.com/v1beta1/projects/hostel-hub-7d3bf [none]
[debug] [2022-04-16T08:09:11.294Z] <<< [apiv2][status] GET https://firebase.googleapis.com/v1beta1/projects/hostel-hub-7d3bf 200
[debug] [2022-04-16T08:09:11.295Z] <<< [apiv2][body] GET https://firebase.googleapis.com/v1beta1/projects/hostel-hub-7d3bf {"projectId":"hostel-hub-7d3bf","projectNumber":"301324051257","displayName":"hostel-hub","name":"projects/hostel-hub-7d3bf","resources":{"hostingSite":"hostel-hub-7d3bf"},"state":"ACTIVE"}
[info] 
[info] === Deploying to 'hostel-hub-7d3bf'...
[info] 
[info] i  deploying hosting 
[debug] [2022-04-16T08:09:11.300Z] >>> [apiv2][query] GET https://firebase.googleapis.com/v1beta1/projects/hostel-hub-7d3bf [none]
[debug] [2022-04-16T08:09:12.029Z] <<< [apiv2][status] GET https://firebase.googleapis.com/v1beta1/projects/hostel-hub-7d3bf 200
[debug] [2022-04-16T08:09:12.030Z] <<< [apiv2][body] GET https://firebase.googleapis.com/v1beta1/projects/hostel-hub-7d3bf {"projectId":"hostel-hub-7d3bf","projectNumber":"301324051257","displayName":"hostel-hub","name":"projects/hostel-hub-7d3bf","resources":{"hostingSite":"hostel-hub-7d3bf"},"state":"ACTIVE"}
[debug] [2022-04-16T08:09:12.032Z] >>> [apiv2][query] POST https://firebasehosting.googleapis.com/v1beta1/projects/301324051257/sites/hostel-hub-7d3bf/versions [none]
[debug] [2022-04-16T08:09:12.032Z] >>> [apiv2][body] POST https://firebasehosting.googleapis.com/v1beta1/projects/301324051257/sites/hostel-hub-7d3bf/versions {"config":{"rewrites":[{"glob":"**","path":"/index.html"}]},"labels":{"deployment-tool":"cli-firebase"}}
[debug] [2022-04-16T08:09:14.177Z] <<< [apiv2][status] POST https://firebasehosting.googleapis.com/v1beta1/projects/301324051257/sites/hostel-hub-7d3bf/versions 200
[debug] [2022-04-16T08:09:14.177Z] <<< [apiv2][body] POST https://firebasehosting.googleapis.com/v1beta1/projects/301324051257/sites/hostel-hub-7d3bf/versions {"name":"projects/301324051257/sites/hostel-hub-7d3bf/versions/cc927b19379d75b7","status":"CREATED","config":{"rewrites":[{"glob":"**","path":"/index.html"}]},"labels":{"deployment-tool":"cli-firebase"}}
[info] i  hosting[hostel-hub-7d3bf]: beginning deploy... 
[info] i  hosting[hostel-hub-7d3bf]: found 19 files in build 
[debug] [2022-04-16T08:09:14.198Z] [hosting] uploading with 200 concurrency
[debug] [2022-04-16T08:09:14.307Z] [hosting] hash cache [YnVpbGQ] stored for 19 files
[debug] [2022-04-16T08:09:14.307Z] [hosting][hash queue][FINAL] {"max":83,"min":26,"avg":33.36842105263158,"active":0,"complete":19,"success":19,"errored":0,"retried":0,"total":19,"elapsed":103}
[debug] [2022-04-16T08:09:14.308Z] >>> [apiv2][query] POST https://firebasehosting.googleapis.com/v1beta1/projects/301324051257/sites/hostel-hub-7d3bf/versions/cc927b19379d75b7:populateFiles [none]
[debug] [2022-04-16T08:09:14.308Z] >>> [apiv2][body] POST https://firebasehosting.googleapis.com/v1beta1/projects/301324051257/sites/hostel-hub-7d3bf/versions/cc927b19379d75b7:populateFiles {"files":{"/asset-manifest.json":"d03435bac6d79536999404728940f43f64e630ee778905629b63d8b107e765fe","/index.html":"06c80dacc5e4003c36aa6069b0ef78d738286a4d84ad2bc203dce50825f14fc6","/static/js/185.92207492.chunk.js":"1da48de31076dec82afdbd01e1f7a188472eef911d9d6ed259d9e872cdc82d10","/static/css/990.6b5e96d1.chunk.css":"64678f3cd826f215c193c8155cd40790b30c7e251bdb9430b9b3261dc4d6bba4","/static/css/main.311be405.css":"bb4b05fc2cc78a07a1a8e8159140e58e6740febf61ca0b6cc96b589d943c3332","/static/js/180.4370739b.chunk.js":"00d6507349154f82fa66dc7db7ebc344e55a2effb2ac63fbe93db330b8f34710","/static/js/224.6a03f291.chunk.js":"bd48327bef5648718b54f53f4233cce81aaedc0ab22ee8559ad879f6a819cbce","/static/js/47.87b3eefe.chunk.js":"fb41f7b9da317b5920a27b4f8671dad8375acd6af6985b0aa2c7e65202bf03b9","/static/js/545.044a60a8.chunk.js":"d36cafd7ec1ac66f36658f4f0e90b544c1c3c01a7240ff76ac63e857628241bb","/static/js/667.91befaa5.chunk.js":"337a01e5abc67a69fdbcfe5ca6c434d38abef520b320882be850368bed015c0d","/static/js/839.33bd9fcd.chunk.js":"1a023225de19bfb84fd2069f56170d52848bfa07f5cd7318ec5037a9271f2d8d","/static/js/582.3149c951.chunk.js":"55b8c43641e442d167518172641769693660344603713187174e681c04d44be6","/static/js/main.0be8096d.js.LICENSE.txt":"5a332fc59ccca86566f25f6c4213c56591137d5801a0a6fafad1bf0a89a95d1e","/static/js/990.30b4adac.chunk.js":"c309c69dc85e6fdf78b2f0b15ed64ef6320f705ec06db31c04b1b7e5be376249","/static/media/visa.a58ef200c8ef79745947.png":"e44f667067bd41af00ab00e88ff2a0f62c936ed65e7240bb751511671439a9df","/MOCK_DATA.JSON":"5611495c0b954accf42e4cd8889840ab65077697dbf706137234352b97e11fb4","/static/js/223.58899727.chunk.js":"a08afb03e73ca07e8e9719824811fe36dda7f1dc842d2639b24a5778af45cb98","/static/media/hostel-banner.01c723a477d7e5528ba4.jpg":"eedc51a9bcd30bad2e788e032e9bb16b0d9ffd720d36812fc9df8306031b1f23","/static/js/main.0be8096d.js":"43ca09f3027d1b684278f0dbfd3f8f32f1ab8dc2f74fde22b7a6b463b78c7ecc"}}
